生成启动时间为 2018/4/1 12:24:18。
     1>项目“D:\project\CG\CG\CG.vcxproj”在节点 2 上(Build 个目标)。
     1>ClCompile:
         D:\program\Microsoft Visual Studio 12.0\VC\bin\CL.exe /c /I.\GeneratedFiles /I. /ID:\program\QT5.8\5.8\msvc2013\include /I.\GeneratedFiles\Release /ID:\program\QT5.8\5.8\msvc2013\include\QtCore /ID:\program\QT5.8\5.8\msvc2013\include\QtGui /ID:\program\QT5.8\5.8\msvc2013\include\QtWidgets /I"D:\project\glm-master" /ID:\project\eigen3 /nologo /W1 /WX- /O2 /Oy- /D UNICODE /D WIN32 /D WIN64 /D QT_DLL /D QT_NO_DEBUG /D NDEBUG /D QT_CORE_LIB /D QT_GUI_LIB /D QT_WIDGETS_LIB /Gm- /EHsc /MD /GS /fp:precise /Zc:wchar_t /Zc:forScope /Fo"Release\\" /Fd"Release\vc120.pdb" /Gd /TP /analyze- /errorReport:prompt Scene.cpp mainwindow.cpp
         Scene.cpp
         mainwindow.cpp
         正在生成代码...
       Link:
         D:\program\Microsoft Visual Studio 12.0\VC\bin\link.exe /ERRORREPORT:PROMPT /OUT:"D:\project\CG\Win32\Release\\CG.exe" /NOLOGO /LIBPATH:D:\program\QT5.8\5.8\msvc2013\lib qtmain.lib Qt5Core.lib Qt5Gui.lib Qt5Widgets.lib kernel32.lib user32.lib gdi32.lib winspool.lib comdlg32.lib advapi32.lib shell32.lib ole32.lib oleaut32.lib uuid.lib odbc32.lib odbccp32.lib /MANIFEST /MANIFESTUAC:"level='asInvoker' uiAccess='false'" /manifest:embed /PDB:"D:\project\CG\Win32\Release\CG.pdb" /SUBSYSTEM:WINDOWS /TLBID:1 /DYNAMICBASE /NXCOMPAT /IMPLIB:"D:\project\CG\Win32\Release\CG.lib" /MACHINE:X86 /SAFESEH Release\bvh.obj
         Release\FileReading.obj
         Release\qrc_mainwindow.obj
         Release\moc_mainwindow.obj
         Release\moc_Scene.obj
         Release\main.obj
         Release\mainwindow.obj
         Release\Material.obj
         Release\object.obj
         Release\readObj.obj
         Release\Scene.obj
         CG.vcxproj -> D:\project\CG\Win32\Release\CG.exe
     1>已完成生成项目“D:\project\CG\CG\CG.vcxproj”(Build 个目标)的操作。

生成成功。

已用时间 00:00:24.34
